<?xml version="1.0" encoding="UTF-8"?>
<!-- Generated by org.testng.reporters.JUnitXMLReporter -->
<testsuite hostname="Rajlaxmi-Lapi" name="Batch1_Test" tests="6" failures="1" timestamp="27 Jun 2020 09:07:26 GMT" time="0.098" errors="0">
  <testcase name="testcase1" time="0.014" classname="web.TestTestNG"/>
  <testcase name="testcase2" time="0.002" classname="web.TestTestNG"/>
  <testcase name="testcase3" time="0.003" classname="web.TestTestNG"/>
  <testcase name="printMe" time="0.005" classname="web.DemoTestNG"/>
  <testcase name="checkLoginFunctionality" time="0.003" classname="web.DemoTestNG">
    <failure type="java.lang.AssertionError" message="expected [true] but found [false]">
      <![CDATA[java.lang.AssertionError: expected [true] but found [false]
	at web.DemoTestNG.checkLoginFunctionality(DemoTestNG.java:50)
... Removed 29 stack frames]]>
    </failure>
  </testcase> <!-- checkLoginFunctionality -->
  <testcase name="checkdatabaseFunctionality" time="0.004" classname="web.DemoTestNG"/>
</testsuite> <!-- Batch1_Test -->
