<?xml version="1.0" encoding="UTF-8"?>
<!-- Generated by org.testng.reporters.JUnitXMLReporter -->
<testsuite hostname="Rajlaxmi-Lapi" name="Database Test" tests="3" failures="1" timestamp="28 Jun 2020 10:31:34 GMT" time="0.132" errors="0">
  <testcase name="printMe" time="0.025" classname="web.DemoTestNG"/>
  <testcase name="checkLoginFunctionality" time="0.021" classname="web.DemoTestNG">
    <failure type="java.lang.AssertionError" message="expected [true] but found [false]">
      <![CDATA[java.lang.AssertionError: expected [true] but found [false]
	at web.DemoTestNG.checkLoginFunctionality(DemoTestNG.java:50)
... Removed 29 stack frames]]>
    </failure>
  </testcase> <!-- checkLoginFunctionality -->
  <testcase name="checkdatabaseFunctionality" time="0.003" classname="web.DemoTestNG"/>
</testsuite> <!-- Database Test -->
