<?xml version="1.0" encoding="UTF-8"?>
<!-- Generated by org.testng.reporters.JUnitXMLReporter -->
<testsuite hostname="Rajlaxmi-Lapi" name="DB Test" tests="3" failures="0" timestamp="28 Jun 2020 11:10:48 GMT" time="0.021" errors="0">
  <testcase name="validateTitle" time="0.002" classname="web.TestTestNG"/>
  <testcase name="validateHopePageUI" time="0.003" classname="web.TestTestNG"/>
  <testcase name="validateSignInButton" time="0.003" classname="web.TestTestNG"/>
</testsuite> <!-- DB Test -->
